<?xml version="1.0" encoding="UTF-8"?>
<!-- Generated by org.testng.reporters.JUnitReportReporter -->
<testsuite hostname="DESKTOP-DOUR4FQ" failures="0" tests="3" name="testngTest.MyFirstTest" time="0.004" errors="0" timestamp="2021-12-29T20:28:15 EET" skipped="0">
  <testcase classname="testngTest.MyFirstTest" name="firstMethod" time="0.004"/>
  <system-out/>
  <testcase classname="testngTest.MyFirstTest" name="aNewTest" time="0.000"/>
  <system-out/>
  <testcase classname="testngTest.MyFirstTest" name="secondMethod" time="0.000"/>
  <system-out/>
</testsuite> <!-- testngTest.MyFirstTest -->
