<?xml version="1.0" encoding="UTF-8"?>
<!-- Generated by org.testng.reporters.JUnitReportReporter -->
<testsuite hostname="DESKTOP-DOUR4FQ" failures="0" tests="1" name="testngTest.MySecondTest" time="0.000" errors="0" timestamp="2021-12-29T20:28:15 EET" skipped="0">
  <testcase classname="testngTest.MySecondTest" name="secondTest" time="0.000"/>
  <system-out/>
</testsuite> <!-- testngTest.MySecondTest -->
